c:\users\mihai\desktop\projectpoo\debug\vc142.pdb
c:\users\mihai\desktop\projectpoo\debug\vc142.idb
c:\users\mihai\desktop\projectpoo\debug\updatetable.obj
c:\users\mihai\desktop\projectpoo\debug\table.obj
c:\users\mihai\desktop\projectpoo\debug\source.obj
c:\users\mihai\desktop\projectpoo\debug\selecttable.obj
c:\users\mihai\desktop\projectpoo\debug\parser.obj
c:\users\mihai\desktop\projectpoo\debug\inserttable.obj
c:\users\mihai\desktop\projectpoo\debug\deletetable.obj
c:\users\mihai\desktop\projectpoo\debug\database.obj
c:\users\mihai\desktop\projectpoo\debug\column.obj
c:\users\mihai\desktop\projectpoo\debug\projectpoo.ilk
c:\users\mihai\desktop\projectpoo\debug\projectpoo.exe
c:\users\mihai\desktop\projectpoo\debug\projectpoo.pdb
c:\users\mihai\desktop\projectpoo\debug\projectpoo.tlog\cl.command.1.tlog
c:\users\mihai\desktop\projectpoo\debug\projectpoo.tlog\cl.read.1.tlog
c:\users\mihai\desktop\projectpoo\debug\projectpoo.tlog\cl.write.1.tlog
c:\users\mihai\desktop\projectpoo\debug\projectpoo.tlog\link.command.1.tlog
c:\users\mihai\desktop\projectpoo\debug\projectpoo.tlog\link.read.1.tlog
c:\users\mihai\desktop\projectpoo\debug\projectpoo.tlog\link.write.1.tlog
